<?xml version="1.0" encoding="UTF-8"?>
<!-- Generated by org.testng.reporters.JUnitReportReporter -->
<testsuite hostname="DESKTOP-EUASARK" failures="0" tests="1" name="APIProject.GetHeader" time="2.263" errors="0" timestamp="2024-06-20T18:35:44 CDT" skipped="0">
  <testcase classname="APIProject.GetHeader" name="testHeader" time="2.263"/>
</testsuite> <!-- APIProject.GetHeader -->
