<?xml version="1.0" encoding="UTF-8"?>
<!-- Generated by org.testng.reporters.JUnitReportReporter -->
<testsuite hostname="DESKTOP-EUASARK" failures="0" tests="1" name="Authentication.Authentications" time="1.841" errors="0" timestamp="2024-06-21T13:37:48 CDT" skipped="0">
  <testcase classname="Authentication.Authentications" name="barerToken" time="1.841"/>
</testsuite> <!-- Authentication.Authentications -->
