<?xml version="1.0" encoding="UTF-8"?>
<!-- Generated by org.testng.reporters.JUnitReportReporter -->
<testsuite hostname="DESKTOP-EUASARK" failures="0" tests="1" name="APIProject.CookiesTest" time="1.901" errors="0" timestamp="2024-06-20T14:59:10 CDT" skipped="0">
  <testcase classname="APIProject.CookiesTest" name="getCookies" time="1.901"/>
</testsuite> <!-- APIProject.CookiesTest -->
