<?xml version="1.0" encoding="UTF-8"?>
<!-- Generated by org.testng.reporters.JUnitReportReporter -->
<testsuite hostname="DESKTOP-EUASARK" failures="0" tests="4" name="APIProject.APITest" time="4.706" errors="0" timestamp="2024-06-18T12:29:39 CDT" skipped="0">
  <testcase classname="APIProject.APITest" name="getUser" time="3.165"/>
  <testcase classname="APIProject.APITest" name="createuser" time="0.820"/>
  <testcase classname="APIProject.APITest" name="updateUser" time="0.357"/>
  <testcase classname="APIProject.APITest" name="deleteuser" time="0.364"/>
</testsuite> <!-- APIProject.APITest -->
