<?xml version="1.0" encoding="UTF-8"?>
<!-- Generated by org.testng.reporters.JUnitReportReporter -->
<testsuite hostname="DESKTOP-EUASARK" failures="0" tests="1" name="APIProject.ParsingJsonResponseData" time="1.351" errors="0" timestamp="2024-06-21T00:23:03 CDT" skipped="0">
  <testcase classname="APIProject.ParsingJsonResponseData" name="jsonparseRes" time="1.351"/>
</testsuite> <!-- APIProject.ParsingJsonResponseData -->
