<?xml version="1.0" encoding="UTF-8"?>
<!-- Generated by org.testng.reporters.JUnitReportReporter -->
<testsuite hostname="DESKTOP-EUASARK" failures="0" tests="1" name="POJOComplexWithArr.POJOComplexWithArr" time="2.976" errors="0" timestamp="2024-06-20T08:24:00 CDT" skipped="0">
  <testcase classname="POJOComplexWithArr.POJOComplexWithArr" name="updateUser" time="2.976"/>
</testsuite> <!-- POJOComplexWithArr.POJOComplexWithArr -->
