<?xml version="1.0" encoding="UTF-8"?>
<!-- Generated by org.testng.reporters.JUnitReportReporter -->
<testsuite hostname="DESKTOP-EUASARK" failures="0" tests="2" name="APIProject.CreateBodyReq" time="2.500" errors="0" timestamp="2024-06-19T03:20:46 CDT" skipped="0">
  <testcase classname="APIProject.CreateBodyReq" name="creatuserExternalFile" time="2.452"/>
  <testcase classname="APIProject.CreateBodyReq" name="deleteuser" time="0.048"/>
</testsuite> <!-- APIProject.CreateBodyReq -->
